<?xml version="1.0" encoding="UTF-8"?>
<!-- Generated by org.testng.reporters.JUnitReportReporter -->
<testsuite hostname="LAPTOP-ILVHS0IB" name="Mvn.DemoMavenProject.DemoOneTest" tests="1" failures="0" timestamp="24 May 2021 15:24:47 GMT" time="0.000" errors="0">
  <testcase name="testPrintHelloWorld" time="0.000" classname="Mvn.DemoMavenProject.DemoOneTest"/>
</testsuite> <!-- Mvn.DemoMavenProject.DemoOneTest -->
