<?xml version="1.0" encoding="UTF-8"?>
<!-- Generated by org.testng.reporters.JUnitReportReporter -->
<testsuite hostname="LAPTOP-ILVHS0IB" name="Mvn.DemoMavenProject.DemoOneTest" tests="1" failures="0" timestamp="28 Apr 2021 20:25:20 GMT" time="0.002" errors="0">
  <testcase name="testPrintHelloWorld" time="0.002" classname="Mvn.DemoMavenProject.DemoOneTest"/>
</testsuite> <!-- Mvn.DemoMavenProject.DemoOneTest -->
